2025-03-14 18:24:54.187 [background-preinit] INFO  o.h.v.internal.util.Version - HV000001: Hibernate Validator 8.0.1.Final
2025-03-14 18:24:54.262 [main] INFO  c.s.SecondHand1Application - Starting SecondHand1Application using Java 19.0.2 with PID 9056 (C:\Users\LENOVO\JavaProject1\second_hand1\target\classes started by LENOVO in C:\Users\LENOVO\JavaProject1\second_hand1)
2025-03-14 18:24:54.263 [main] INFO  c.s.SecondHand1Application - No active profile set, falling back to 1 default profile: "default"
2025-03-14 18:24:56.450 [main] INFO  o.s.b.w.e.t.TomcatWebServer - Tomcat initialized with port 8080 (http)
2025-03-14 18:24:56.453 [main] INFO  o.a.c.c.AprLifecycleListener - An older version [1.3.1] of the Apache Tomcat Native library is installed, while Tomcat recommends a minimum version of [2.0.5]
2025-03-14 18:24:56.454 [main] INFO  o.a.c.c.AprLifecycleListener - Loaded Apache Tomcat Native library [1.3.1] using APR version [1.7.4].
2025-03-14 18:24:56.468 [main] INFO  o.a.c.c.AprLifecycleListener - OpenSSL successfully initialized [OpenSSL 3.0.14 4 Jun 2024]
2025-03-14 18:24:56.476 [main] INFO  o.a.c.http11.Http11NioProtocol - Initializing ProtocolHandler ["http-nio-8080"]
2025-03-14 18:24:56.480 [main] INFO  o.a.c.core.StandardService - Starting service [Tomcat]
2025-03-14 18:24:56.480 [main] INFO  o.a.c.core.StandardEngine - Starting Servlet engine: [Apache Tomcat/10.1.30]
2025-03-14 18:24:56.539 [main] INFO  o.a.c.c.C.[.[.[/secondhand1] - Initializing Spring embedded WebApplicationContext
2025-03-14 18:24:56.540 [main] INFO  o.s.b.w.s.c.ServletWebServerApplicationContext - Root WebApplicationContext: initialization completed in 2212 ms
2025-03-14 18:24:56.918 [main] INFO  c.a.druid.pool.DruidDataSource - {dataSource-1} inited
2025-03-14 18:24:56.922 [main] INFO  o.a.c.core.StandardService - Stopping service [Tomcat]
2025-03-14 18:24:56.927 [Druid-ConnectionPool-Create-153416689] INFO  c.a.d.p.DruidAbstractDataSource - {dataSource-1} failContinuous is true
2025-03-14 18:24:56.950 [main] INFO  o.s.b.a.l.ConditionEvaluationReportLogger - 

Error starting ApplicationContext. To display the condition evaluation report re-run your application with 'debug' enabled.
2025-03-14 18:26:03.563 [background-preinit] INFO  o.h.v.internal.util.Version - HV000001: Hibernate Validator 8.0.1.Final
2025-03-14 18:26:03.602 [main] INFO  c.s.SecondHand1Application - Starting SecondHand1Application using Java 19.0.2 with PID 8960 (C:\Users\LENOVO\JavaProject1\second_hand1\target\classes started by LENOVO in C:\Users\LENOVO\JavaProject1\second_hand1)
2025-03-14 18:26:03.603 [main] INFO  c.s.SecondHand1Application - No active profile set, falling back to 1 default profile: "default"
2025-03-14 18:26:05.108 [main] INFO  o.s.b.w.e.t.TomcatWebServer - Tomcat initialized with port 8080 (http)
2025-03-14 18:26:05.111 [main] INFO  o.a.c.c.AprLifecycleListener - An older version [1.3.1] of the Apache Tomcat Native library is installed, while Tomcat recommends a minimum version of [2.0.5]
2025-03-14 18:26:05.111 [main] INFO  o.a.c.c.AprLifecycleListener - Loaded Apache Tomcat Native library [1.3.1] using APR version [1.7.4].
2025-03-14 18:26:05.115 [main] INFO  o.a.c.c.AprLifecycleListener - OpenSSL successfully initialized [OpenSSL 3.0.14 4 Jun 2024]
2025-03-14 18:26:05.121 [main] INFO  o.a.c.http11.Http11NioProtocol - Initializing ProtocolHandler ["http-nio-8080"]
2025-03-14 18:26:05.124 [main] INFO  o.a.c.core.StandardService - Starting service [Tomcat]
2025-03-14 18:26:05.124 [main] INFO  o.a.c.core.StandardEngine - Starting Servlet engine: [Apache Tomcat/10.1.30]
2025-03-14 18:26:05.168 [main] INFO  o.a.c.c.C.[.[.[/secondhand1] - Initializing Spring embedded WebApplicationContext
2025-03-14 18:26:05.168 [main] INFO  o.s.b.w.s.c.ServletWebServerApplicationContext - Root WebApplicationContext: initialization completed in 1529 ms
2025-03-14 18:26:05.503 [main] INFO  c.a.druid.pool.DruidDataSource - {dataSource-1} inited
2025-03-14 18:26:05.747 [main] INFO  c.a.druid.pool.DruidDataSource - {dataSource-1} closing ...
2025-03-14 18:26:05.752 [main] INFO  c.a.druid.pool.DruidDataSource - {dataSource-1} closed
2025-03-14 18:26:05.754 [main] INFO  o.a.c.core.StandardService - Stopping service [Tomcat]
2025-03-14 18:26:05.775 [main] INFO  o.s.b.a.l.ConditionEvaluationReportLogger - 

Error starting ApplicationContext. To display the condition evaluation report re-run your application with 'debug' enabled.
2025-03-14 18:34:52.301 [background-preinit] INFO  o.h.v.internal.util.Version - HV000001: Hibernate Validator 8.0.1.Final
2025-03-14 18:34:52.337 [main] INFO  c.s.SecondHand1Application - Starting SecondHand1Application using Java 19.0.2 with PID 13956 (C:\Users\LENOVO\JavaProject1\second_hand1\target\classes started by LENOVO in C:\Users\LENOVO\JavaProject1\second_hand1)
2025-03-14 18:34:52.338 [main] INFO  c.s.SecondHand1Application - No active profile set, falling back to 1 default profile: "default"
2025-03-14 18:34:53.787 [main] INFO  o.s.b.w.e.t.TomcatWebServer - Tomcat initialized with port 8080 (http)
2025-03-14 18:34:53.790 [main] INFO  o.a.c.c.AprLifecycleListener - An older version [1.3.1] of the Apache Tomcat Native library is installed, while Tomcat recommends a minimum version of [2.0.5]
2025-03-14 18:34:53.790 [main] INFO  o.a.c.c.AprLifecycleListener - Loaded Apache Tomcat Native library [1.3.1] using APR version [1.7.4].
2025-03-14 18:34:53.794 [main] INFO  o.a.c.c.AprLifecycleListener - OpenSSL successfully initialized [OpenSSL 3.0.14 4 Jun 2024]
2025-03-14 18:34:53.800 [main] INFO  o.a.c.http11.Http11NioProtocol - Initializing ProtocolHandler ["http-nio-8080"]
2025-03-14 18:34:53.803 [main] INFO  o.a.c.core.StandardService - Starting service [Tomcat]
2025-03-14 18:34:53.804 [main] INFO  o.a.c.core.StandardEngine - Starting Servlet engine: [Apache Tomcat/10.1.30]
2025-03-14 18:34:53.847 [main] INFO  o.a.c.c.C.[.[.[/secondhand1] - Initializing Spring embedded WebApplicationContext
2025-03-14 18:34:53.847 [main] INFO  o.s.b.w.s.c.ServletWebServerApplicationContext - Root WebApplicationContext: initialization completed in 1475 ms
2025-03-14 18:34:54.162 [main] INFO  c.a.druid.pool.DruidDataSource - {dataSource-1} inited
2025-03-14 18:34:54.389 [main] INFO  c.a.druid.pool.DruidDataSource - {dataSource-1} closing ...
2025-03-14 18:34:54.394 [main] INFO  c.a.druid.pool.DruidDataSource - {dataSource-1} closed
2025-03-14 18:34:54.396 [main] INFO  o.a.c.core.StandardService - Stopping service [Tomcat]
2025-03-14 18:34:54.417 [main] INFO  o.s.b.a.l.ConditionEvaluationReportLogger - 

Error starting ApplicationContext. To display the condition evaluation report re-run your application with 'debug' enabled.
2025-03-14 18:38:09.597 [background-preinit] INFO  o.h.v.internal.util.Version - HV000001: Hibernate Validator 8.0.1.Final
2025-03-14 18:38:09.635 [main] INFO  c.s.SecondHand1Application - Starting SecondHand1Application using Java 19.0.2 with PID 18972 (C:\Users\LENOVO\JavaProject1\second_hand1\target\classes started by LENOVO in C:\Users\LENOVO\JavaProject1\second_hand1)
2025-03-14 18:38:09.636 [main] INFO  c.s.SecondHand1Application - No active profile set, falling back to 1 default profile: "default"
2025-03-14 18:38:11.092 [main] INFO  o.s.b.w.e.t.TomcatWebServer - Tomcat initialized with port 8080 (http)
2025-03-14 18:38:11.094 [main] INFO  o.a.c.c.AprLifecycleListener - An older version [1.3.1] of the Apache Tomcat Native library is installed, while Tomcat recommends a minimum version of [2.0.5]
2025-03-14 18:38:11.094 [main] INFO  o.a.c.c.AprLifecycleListener - Loaded Apache Tomcat Native library [1.3.1] using APR version [1.7.4].
2025-03-14 18:38:11.098 [main] INFO  o.a.c.c.AprLifecycleListener - OpenSSL successfully initialized [OpenSSL 3.0.14 4 Jun 2024]
2025-03-14 18:38:11.104 [main] INFO  o.a.c.http11.Http11NioProtocol - Initializing ProtocolHandler ["http-nio-8080"]
2025-03-14 18:38:11.108 [main] INFO  o.a.c.core.StandardService - Starting service [Tomcat]
2025-03-14 18:38:11.108 [main] INFO  o.a.c.core.StandardEngine - Starting Servlet engine: [Apache Tomcat/10.1.30]
2025-03-14 18:38:11.152 [main] INFO  o.a.c.c.C.[.[.[/secondhand1] - Initializing Spring embedded WebApplicationContext
2025-03-14 18:38:11.153 [main] INFO  o.s.b.w.s.c.ServletWebServerApplicationContext - Root WebApplicationContext: initialization completed in 1482 ms
2025-03-14 18:38:11.466 [main] INFO  c.a.druid.pool.DruidDataSource - {dataSource-1} inited
2025-03-14 18:38:11.695 [main] INFO  c.a.druid.pool.DruidDataSource - {dataSource-1} closing ...
2025-03-14 18:38:11.699 [main] INFO  c.a.druid.pool.DruidDataSource - {dataSource-1} closed
2025-03-14 18:38:11.701 [main] INFO  o.a.c.core.StandardService - Stopping service [Tomcat]
2025-03-14 18:38:11.723 [main] INFO  o.s.b.a.l.ConditionEvaluationReportLogger - 

Error starting ApplicationContext. To display the condition evaluation report re-run your application with 'debug' enabled.
2025-03-14 18:40:24.448 [background-preinit] INFO  o.h.v.internal.util.Version - HV000001: Hibernate Validator 8.0.1.Final
2025-03-14 18:40:24.485 [main] INFO  c.s.SecondHand1Application - Starting SecondHand1Application using Java 19.0.2 with PID 21092 (C:\Users\LENOVO\JavaProject1\second_hand1\target\classes started by LENOVO in C:\Users\LENOVO\JavaProject1\second_hand1)
2025-03-14 18:40:24.486 [main] INFO  c.s.SecondHand1Application - No active profile set, falling back to 1 default profile: "default"
2025-03-14 18:40:25.931 [main] INFO  o.s.b.w.e.t.TomcatWebServer - Tomcat initialized with port 8080 (http)
2025-03-14 18:40:25.934 [main] INFO  o.a.c.c.AprLifecycleListener - An older version [1.3.1] of the Apache Tomcat Native library is installed, while Tomcat recommends a minimum version of [2.0.5]
2025-03-14 18:40:25.934 [main] INFO  o.a.c.c.AprLifecycleListener - Loaded Apache Tomcat Native library [1.3.1] using APR version [1.7.4].
2025-03-14 18:40:25.938 [main] INFO  o.a.c.c.AprLifecycleListener - OpenSSL successfully initialized [OpenSSL 3.0.14 4 Jun 2024]
2025-03-14 18:40:25.944 [main] INFO  o.a.c.http11.Http11NioProtocol - Initializing ProtocolHandler ["http-nio-8080"]
2025-03-14 18:40:25.947 [main] INFO  o.a.c.core.StandardService - Starting service [Tomcat]
2025-03-14 18:40:25.947 [main] INFO  o.a.c.core.StandardEngine - Starting Servlet engine: [Apache Tomcat/10.1.30]
2025-03-14 18:40:25.990 [main] INFO  o.a.c.c.C.[.[.[/secondhand1] - Initializing Spring embedded WebApplicationContext
2025-03-14 18:40:25.991 [main] INFO  o.s.b.w.s.c.ServletWebServerApplicationContext - Root WebApplicationContext: initialization completed in 1471 ms
2025-03-14 18:40:26.306 [main] INFO  c.a.druid.pool.DruidDataSource - {dataSource-1} inited
2025-03-14 18:40:27.361 [main] INFO  o.s.b.a.e.w.EndpointLinksResolver - Exposing 1 endpoint beneath base path '/actuator'
2025-03-14 18:40:27.420 [main] INFO  o.a.c.http11.Http11NioProtocol - Starting ProtocolHandler ["http-nio-8080"]
2025-03-14 18:40:27.433 [main] INFO  o.s.b.w.e.t.TomcatWebServer - Tomcat started on port 8080 (http) with context path '/secondhand1'
2025-03-14 18:40:27.446 [main] INFO  c.s.SecondHand1Application - Started SecondHand1Application in 3.384 seconds (process running for 3.895)
2025-03-14 18:40:27.804 [RMI TCP Connection(2)-10.9.33.0] INFO  o.s.a.r.c.CachingConnectionFactory - Attempting to connect to: [localhost:5672]
2025-03-14 18:40:27.806 [RMI TCP Connection(3)-10.9.33.0] INFO  o.a.c.c.C.[.[.[/secondhand1] - Initializing Spring DispatcherServlet 'dispatcherServlet'
2025-03-14 18:40:27.807 [RMI TCP Connection(3)-10.9.33.0] INFO  o.s.w.s.DispatcherServlet - Initializing Servlet 'dispatcherServlet'
2025-03-14 18:40:27.809 [RMI TCP Connection(3)-10.9.33.0] INFO  o.s.w.s.DispatcherServlet - Completed initialization in 2 ms
2025-03-14 19:15:49.545 [SpringApplicationShutdownHook] INFO  c.a.druid.pool.DruidDataSource - {dataSource-1} closing ...
2025-03-14 19:15:49.552 [SpringApplicationShutdownHook] INFO  c.a.druid.pool.DruidDataSource - {dataSource-1} closed
2025-03-14 19:15:51.585 [background-preinit] INFO  o.h.v.internal.util.Version - HV000001: Hibernate Validator 8.0.1.Final
2025-03-14 19:15:51.622 [main] INFO  c.s.SecondHand1Application - Starting SecondHand1Application using Java 19.0.2 with PID 23880 (C:\Users\LENOVO\JavaProject1\second_hand1\target\classes started by LENOVO in C:\Users\LENOVO\JavaProject1\second_hand1)
2025-03-14 19:15:51.622 [main] INFO  c.s.SecondHand1Application - No active profile set, falling back to 1 default profile: "default"
2025-03-14 19:15:53.089 [main] INFO  o.s.b.w.e.t.TomcatWebServer - Tomcat initialized with port 8080 (http)
2025-03-14 19:15:53.093 [main] INFO  o.a.c.c.AprLifecycleListener - An older version [1.3.1] of the Apache Tomcat Native library is installed, while Tomcat recommends a minimum version of [2.0.5]
2025-03-14 19:15:53.093 [main] INFO  o.a.c.c.AprLifecycleListener - Loaded Apache Tomcat Native library [1.3.1] using APR version [1.7.4].
2025-03-14 19:15:53.096 [main] INFO  o.a.c.c.AprLifecycleListener - OpenSSL successfully initialized [OpenSSL 3.0.14 4 Jun 2024]
2025-03-14 19:15:53.103 [main] INFO  o.a.c.http11.Http11NioProtocol - Initializing ProtocolHandler ["http-nio-8080"]
2025-03-14 19:15:53.106 [main] INFO  o.a.c.core.StandardService - Starting service [Tomcat]
2025-03-14 19:15:53.107 [main] INFO  o.a.c.core.StandardEngine - Starting Servlet engine: [Apache Tomcat/10.1.30]
2025-03-14 19:15:53.150 [main] INFO  o.a.c.c.C.[.[.[/secondhand1] - Initializing Spring embedded WebApplicationContext
2025-03-14 19:15:53.150 [main] INFO  o.s.b.w.s.c.ServletWebServerApplicationContext - Root WebApplicationContext: initialization completed in 1493 ms
2025-03-14 19:15:53.456 [main] INFO  c.a.druid.pool.DruidDataSource - {dataSource-1} inited
2025-03-14 19:15:54.524 [main] INFO  o.s.b.a.e.w.EndpointLinksResolver - Exposing 1 endpoint beneath base path '/actuator'
2025-03-14 19:15:54.581 [main] INFO  o.a.c.http11.Http11NioProtocol - Starting ProtocolHandler ["http-nio-8080"]
2025-03-14 19:15:54.594 [main] INFO  o.s.b.w.e.t.TomcatWebServer - Tomcat started on port 8080 (http) with context path '/secondhand1'
2025-03-14 19:15:54.607 [main] INFO  c.s.SecondHand1Application - Started SecondHand1Application in 3.398 seconds (process running for 3.92)
2025-03-14 19:15:54.942 [RMI TCP Connection(2)-10.9.33.0] INFO  o.a.c.c.C.[.[.[/secondhand1] - Initializing Spring DispatcherServlet 'dispatcherServlet'
2025-03-14 19:15:54.942 [RMI TCP Connection(1)-10.9.33.0] INFO  o.s.a.r.c.CachingConnectionFactory - Attempting to connect to: [localhost:5672]
2025-03-14 19:15:54.942 [RMI TCP Connection(2)-10.9.33.0] INFO  o.s.w.s.DispatcherServlet - Initializing Servlet 'dispatcherServlet'
2025-03-14 19:15:54.943 [RMI TCP Connection(2)-10.9.33.0] INFO  o.s.w.s.DispatcherServlet - Completed initialization in 1 ms
2025-03-14 19:15:55.033 [RMI TCP Connection(1)-10.9.33.0] INFO  o.s.a.r.c.CachingConnectionFactory - Created new connection: rabbitConnectionFactory#87f1201:0/SimpleConnection@193b6c94 [delegate=amqp://guest@127.0.0.1:5672/, localPort=58578]
2025-03-14 19:16:10.419 [SpringApplicationShutdownHook] INFO  c.a.druid.pool.DruidDataSource - {dataSource-1} closing ...
2025-03-14 19:16:10.423 [SpringApplicationShutdownHook] INFO  c.a.druid.pool.DruidDataSource - {dataSource-1} closed
2025-03-14 19:16:12.324 [background-preinit] INFO  o.h.v.internal.util.Version - HV000001: Hibernate Validator 8.0.1.Final
2025-03-14 19:16:12.361 [main] INFO  c.s.SecondHand1Application - Starting SecondHand1Application using Java 19.0.2 with PID 14948 (C:\Users\LENOVO\JavaProject1\second_hand1\target\classes started by LENOVO in C:\Users\LENOVO\JavaProject1\second_hand1)
2025-03-14 19:16:12.362 [main] INFO  c.s.SecondHand1Application - No active profile set, falling back to 1 default profile: "default"
2025-03-14 19:16:13.801 [main] INFO  o.s.b.w.e.t.TomcatWebServer - Tomcat initialized with port 8080 (http)
2025-03-14 19:16:13.804 [main] INFO  o.a.c.c.AprLifecycleListener - An older version [1.3.1] of the Apache Tomcat Native library is installed, while Tomcat recommends a minimum version of [2.0.5]
2025-03-14 19:16:13.804 [main] INFO  o.a.c.c.AprLifecycleListener - Loaded Apache Tomcat Native library [1.3.1] using APR version [1.7.4].
2025-03-14 19:16:13.808 [main] INFO  o.a.c.c.AprLifecycleListener - OpenSSL successfully initialized [OpenSSL 3.0.14 4 Jun 2024]
2025-03-14 19:16:13.814 [main] INFO  o.a.c.http11.Http11NioProtocol - Initializing ProtocolHandler ["http-nio-8080"]
2025-03-14 19:16:13.817 [main] INFO  o.a.c.core.StandardService - Starting service [Tomcat]
2025-03-14 19:16:13.817 [main] INFO  o.a.c.core.StandardEngine - Starting Servlet engine: [Apache Tomcat/10.1.30]
2025-03-14 19:16:13.865 [main] INFO  o.a.c.c.C.[.[.[/secondhand1] - Initializing Spring embedded WebApplicationContext
2025-03-14 19:16:13.865 [main] INFO  o.s.b.w.s.c.ServletWebServerApplicationContext - Root WebApplicationContext: initialization completed in 1467 ms
2025-03-14 19:16:14.172 [main] INFO  c.a.druid.pool.DruidDataSource - {dataSource-1} inited
2025-03-14 19:16:15.205 [main] INFO  o.s.b.a.e.w.EndpointLinksResolver - Exposing 1 endpoint beneath base path '/actuator'
2025-03-14 19:16:15.261 [main] INFO  o.a.c.http11.Http11NioProtocol - Starting ProtocolHandler ["http-nio-8080"]
2025-03-14 19:16:15.274 [main] INFO  o.s.b.w.e.t.TomcatWebServer - Tomcat started on port 8080 (http) with context path '/secondhand1'
2025-03-14 19:16:15.287 [main] INFO  c.s.SecondHand1Application - Started SecondHand1Application in 3.351 seconds (process running for 3.887)
2025-03-14 19:16:15.638 [RMI TCP Connection(2)-10.9.33.0] INFO  o.s.a.r.c.CachingConnectionFactory - Attempting to connect to: [localhost:15672]
2025-03-14 19:16:15.640 [RMI TCP Connection(1)-10.9.33.0] INFO  o.a.c.c.C.[.[.[/secondhand1] - Initializing Spring DispatcherServlet 'dispatcherServlet'
2025-03-14 19:16:15.640 [RMI TCP Connection(1)-10.9.33.0] INFO  o.s.w.s.DispatcherServlet - Initializing Servlet 'dispatcherServlet'
2025-03-14 19:16:15.643 [RMI TCP Connection(1)-10.9.33.0] INFO  o.s.w.s.DispatcherServlet - Completed initialization in 1 ms
2025-03-14 19:16:34.785 [SpringApplicationShutdownHook] INFO  c.a.druid.pool.DruidDataSource - {dataSource-1} closing ...
2025-03-14 19:16:34.789 [SpringApplicationShutdownHook] INFO  c.a.druid.pool.DruidDataSource - {dataSource-1} closed
2025-03-14 19:16:36.698 [background-preinit] INFO  o.h.v.internal.util.Version - HV000001: Hibernate Validator 8.0.1.Final
2025-03-14 19:16:36.735 [main] INFO  c.s.SecondHand1Application - Starting SecondHand1Application using Java 19.0.2 with PID 24208 (C:\Users\LENOVO\JavaProject1\second_hand1\target\classes started by LENOVO in C:\Users\LENOVO\JavaProject1\second_hand1)
2025-03-14 19:16:36.736 [main] INFO  c.s.SecondHand1Application - No active profile set, falling back to 1 default profile: "default"
2025-03-14 19:16:38.166 [main] INFO  o.s.b.w.e.t.TomcatWebServer - Tomcat initialized with port 8080 (http)
2025-03-14 19:16:38.168 [main] INFO  o.a.c.c.AprLifecycleListener - An older version [1.3.1] of the Apache Tomcat Native library is installed, while Tomcat recommends a minimum version of [2.0.5]
2025-03-14 19:16:38.169 [main] INFO  o.a.c.c.AprLifecycleListener - Loaded Apache Tomcat Native library [1.3.1] using APR version [1.7.4].
2025-03-14 19:16:38.172 [main] INFO  o.a.c.c.AprLifecycleListener - OpenSSL successfully initialized [OpenSSL 3.0.14 4 Jun 2024]
2025-03-14 19:16:38.179 [main] INFO  o.a.c.http11.Http11NioProtocol - Initializing ProtocolHandler ["http-nio-8080"]
2025-03-14 19:16:38.184 [main] INFO  o.a.c.core.StandardService - Starting service [Tomcat]
2025-03-14 19:16:38.184 [main] INFO  o.a.c.core.StandardEngine - Starting Servlet engine: [Apache Tomcat/10.1.30]
2025-03-14 19:16:38.226 [main] INFO  o.a.c.c.C.[.[.[/secondhand1] - Initializing Spring embedded WebApplicationContext
2025-03-14 19:16:38.226 [main] INFO  o.s.b.w.s.c.ServletWebServerApplicationContext - Root WebApplicationContext: initialization completed in 1456 ms
2025-03-14 19:16:38.547 [main] INFO  c.a.druid.pool.DruidDataSource - {dataSource-1} inited
2025-03-14 19:16:39.560 [main] INFO  o.s.b.a.e.w.EndpointLinksResolver - Exposing 1 endpoint beneath base path '/actuator'
2025-03-14 19:16:39.617 [main] INFO  o.a.c.http11.Http11NioProtocol - Starting ProtocolHandler ["http-nio-8080"]
2025-03-14 19:16:39.630 [main] INFO  o.s.b.w.e.t.TomcatWebServer - Tomcat started on port 8080 (http) with context path '/secondhand1'
2025-03-14 19:16:39.643 [main] INFO  c.s.SecondHand1Application - Started SecondHand1Application in 3.336 seconds (process running for 3.856)
2025-03-14 19:16:40.039 [RMI TCP Connection(2)-10.9.33.0] INFO  o.s.a.r.c.CachingConnectionFactory - Attempting to connect to: [localhost:5672]
2025-03-14 19:16:40.041 [RMI TCP Connection(3)-10.9.33.0] INFO  o.a.c.c.C.[.[.[/secondhand1] - Initializing Spring DispatcherServlet 'dispatcherServlet'
2025-03-14 19:16:40.041 [RMI TCP Connection(3)-10.9.33.0] INFO  o.s.w.s.DispatcherServlet - Initializing Servlet 'dispatcherServlet'
2025-03-14 19:16:40.043 [RMI TCP Connection(3)-10.9.33.0] INFO  o.s.w.s.DispatcherServlet - Completed initialization in 1 ms
2025-03-14 19:16:40.090 [RMI TCP Connection(2)-10.9.33.0] INFO  o.s.a.r.c.CachingConnectionFactory - Created new connection: rabbitConnectionFactory#4f0cdd0f:0/SimpleConnection@126bdba0 [delegate=amqp://guest@127.0.0.1:5672/, localPort=58634]
2025-03-14 19:30:08.865 [SpringApplicationShutdownHook] INFO  c.a.druid.pool.DruidDataSource - {dataSource-1} closing ...
2025-03-14 19:30:08.867 [SpringApplicationShutdownHook] INFO  c.a.druid.pool.DruidDataSource - {dataSource-1} closed
